<?xml version="1.0" encoding="UTF-8"?>
<testng-results skipped="0" failed="1" ignored="0" total="6" passed="5">
  <reporter-output>
  </reporter-output>
  <suite name="Default suite" duration-ms="14339" started-at="2019-10-31T09:30:58Z" finished-at="2019-10-31T09:31:12Z">
    <groups>
    </groups>
    <test name="Default test" duration-ms="14339" started-at="2019-10-31T09:30:58Z" finished-at="2019-10-31T09:31:12Z">
      <class name="com.slksoft.tests.EmailerAppTest001">
        <test-method status="PASS" signature="setup()[pri:0, instance:com.slksoft.tests.EmailerAppTest001@604ed9f0]" name="setup" is-config="true" duration-ms="1947" started-at="2019-10-31T09:30:58Z" finished-at="2019-10-31T09:31:00Z">
          <reporter-output>
          </reporter-output>
        </test-method> <!-- setup -->
        <test-method status="PASS" signature="testSuccessfulLogin(java.lang.String, java.lang.String)[pri:0, instance:com.slksoft.tests.EmailerAppTest001@604ed9f0]" name="testSuccessfulLogin" duration-ms="680" started-at="2019-10-31T09:31:00Z" data-provider="dataProvider1" finished-at="2019-10-31T09:31:00Z">
          <params>
            <param index="0">
              <value>
                <![CDATA[vinod@vinod.co]]>
              </value>
            </param>
            <param index="1">
              <value>
                <![CDATA[secret]]>
              </value>
            </param>
          </params>
          <reporter-output>
          </reporter-output>
        </test-method> <!-- testSuccessfulLogin -->
        <test-method status="PASS" signature="cleanup()[pri:0, instance:com.slksoft.tests.EmailerAppTest001@604ed9f0]" name="cleanup" is-config="true" duration-ms="77" started-at="2019-10-31T09:31:00Z" finished-at="2019-10-31T09:31:00Z">
          <reporter-output>
          </reporter-output>
        </test-method> <!-- cleanup -->
        <test-method status="PASS" signature="setup()[pri:0, instance:com.slksoft.tests.EmailerAppTest001@604ed9f0]" name="setup" is-config="true" duration-ms="1038" started-at="2019-10-31T09:31:00Z" finished-at="2019-10-31T09:31:01Z">
          <reporter-output>
          </reporter-output>
        </test-method> <!-- setup -->
        <test-method status="PASS" signature="testSuccessfulLogin(java.lang.String, java.lang.String)[pri:0, instance:com.slksoft.tests.EmailerAppTest001@604ed9f0]" name="testSuccessfulLogin" duration-ms="695" started-at="2019-10-31T09:31:01Z" data-provider="dataProvider1" finished-at="2019-10-31T09:31:02Z">
          <params>
            <param index="0">
              <value>
                <![CDATA[shyamkc@example.com]]>
              </value>
            </param>
            <param index="1">
              <value>
                <![CDATA[secret]]>
              </value>
            </param>
          </params>
          <reporter-output>
          </reporter-output>
        </test-method> <!-- testSuccessfulLogin -->
        <test-method status="PASS" signature="cleanup()[pri:0, instance:com.slksoft.tests.EmailerAppTest001@604ed9f0]" name="cleanup" is-config="true" duration-ms="74" started-at="2019-10-31T09:31:02Z" finished-at="2019-10-31T09:31:02Z">
          <reporter-output>
          </reporter-output>
        </test-method> <!-- cleanup -->
        <test-method status="PASS" signature="setup()[pri:0, instance:com.slksoft.tests.EmailerAppTest001@604ed9f0]" name="setup" is-config="true" duration-ms="1052" started-at="2019-10-31T09:31:02Z" finished-at="2019-10-31T09:31:03Z">
          <reporter-output>
          </reporter-output>
        </test-method> <!-- setup -->
        <test-method status="PASS" signature="testSuccessfulLogin(java.lang.String, java.lang.String)[pri:0, instance:com.slksoft.tests.EmailerAppTest001@604ed9f0]" name="testSuccessfulLogin" duration-ms="619" started-at="2019-10-31T09:31:03Z" data-provider="dataProvider1" finished-at="2019-10-31T09:31:04Z">
          <params>
            <param index="0">
              <value>
                <![CDATA[johndoe@example.com]]>
              </value>
            </param>
            <param index="1">
              <value>
                <![CDATA[secret]]>
              </value>
            </param>
          </params>
          <reporter-output>
          </reporter-output>
        </test-method> <!-- testSuccessfulLogin -->
        <test-method status="PASS" signature="cleanup()[pri:0, instance:com.slksoft.tests.EmailerAppTest001@604ed9f0]" name="cleanup" is-config="true" duration-ms="74" started-at="2019-10-31T09:31:04Z" finished-at="2019-10-31T09:31:04Z">
          <reporter-output>
          </reporter-output>
        </test-method> <!-- cleanup -->
        <test-method status="PASS" signature="setup()[pri:0, instance:com.slksoft.tests.EmailerAppTest001@604ed9f0]" name="setup" is-config="true" duration-ms="1041" started-at="2019-10-31T09:31:04Z" finished-at="2019-10-31T09:31:05Z">
          <reporter-output>
          </reporter-output>
        </test-method> <!-- setup -->
        <test-method status="FAIL" signature="testSuccessfulLogin(java.lang.String, java.lang.String)[pri:0, instance:com.slksoft.tests.EmailerAppTest001@604ed9f0]" name="testSuccessfulLogin" duration-ms="410" started-at="2019-10-31T09:31:05Z" data-provider="dataProvider1" finished-at="2019-10-31T09:31:05Z">
          <params>
            <param index="0">
              <value>
                <![CDATA[nobody@example.com]]>
              </value>
            </param>
            <param index="1">
              <value>
                <![CDATA[invalidpassword]]>
              </value>
            </param>
          </params>
          <exception class="org.openqa.selenium.NoSuchElementException">
            <message>
              <![CDATA[no such element: Unable to locate element: {"method":"css selector","selector":"a[href*=logout]"}
  (Session info: headless chrome=78.0.3904.70)
For documentation on this error, please visit: https://www.seleniumhq.org/exceptions/no_such_element.html
Build info: version: '3.141.59', revision: 'e82be7d358', time: '2018-11-14T08:17:03'
System info: host: 'Don-MBP.local', ip: 'fe80:0:0:0:871:ad2c:8638:e9f9%en0', os.name: 'Mac OS X', os.arch: 'x86_64', os.version: '10.15', java.version: '1.8.0_71'
Driver info: org.openqa.selenium.chrome.ChromeDriver
Capabilities {acceptInsecureCerts: false, browserName: chrome, browserVersion: 78.0.3904.70, chrome: {chromedriverVersion: 78.0.3904.70 (edb9c9f3de024..., userDataDir: /var/folders/yx/hnxt36_1637...}, goog:chromeOptions: {debuggerAddress: localhost:61895}, javascriptEnabled: true, networkConnectionEnabled: false, pageLoadStrategy: normal, platform: MAC, platformName: MAC, proxy: Proxy(), setWindowRect: true, strictFileInteractability: false, timeouts: {implicit: 0, pageLoad: 300000, script: 30000}, unhandledPromptBehavior: dismiss and notify}
Session ID: 0d21a6e1011cc0f8b3a77639262b37a7
*** Element info: {Using=css selector, value=a[href*=logout]}]]>
            </message>
            <full-stacktrace>
              <![CDATA[org.openqa.selenium.NoSuchElementException: no such element: Unable to locate element: {"method":"css selector","selector":"a[href*=logout]"}
  (Session info: headless chrome=78.0.3904.70)
For documentation on this error, please visit: https://www.seleniumhq.org/exceptions/no_such_element.html
Build info: version: '3.141.59', revision: 'e82be7d358', time: '2018-11-14T08:17:03'
System info: host: 'Don-MBP.local', ip: 'fe80:0:0:0:871:ad2c:8638:e9f9%en0', os.name: 'Mac OS X', os.arch: 'x86_64', os.version: '10.15', java.version: '1.8.0_71'
Driver info: org.openqa.selenium.chrome.ChromeDriver
Capabilities {acceptInsecureCerts: false, browserName: chrome, browserVersion: 78.0.3904.70, chrome: {chromedriverVersion: 78.0.3904.70 (edb9c9f3de024..., userDataDir: /var/folders/yx/hnxt36_1637...}, goog:chromeOptions: {debuggerAddress: localhost:61895}, javascriptEnabled: true, networkConnectionEnabled: false, pageLoadStrategy: normal, platform: MAC, platformName: MAC, proxy: Proxy(), setWindowRect: true, strictFileInteractability: false, timeouts: {implicit: 0, pageLoad: 300000, script: 30000}, unhandledPromptBehavior: dismiss and notify}
Session ID: 0d21a6e1011cc0f8b3a77639262b37a7
*** Element info: {Using=css selector, value=a[href*=logout]}
at sun.reflect.NativeConstructorAccessorImpl.newInstance0(Native Method)
at sun.reflect.NativeConstructorAccessorImpl.newInstance(NativeConstructorAccessorImpl.java:62)
at sun.reflect.DelegatingConstructorAccessorImpl.newInstance(DelegatingConstructorAccessorImpl.java:45)
at java.lang.reflect.Constructor.newInstance(Constructor.java:422)
at org.openqa.selenium.remote.http.W3CHttpResponseCodec.createException(W3CHttpResponseCodec.java:187)
at org.openqa.selenium.remote.http.W3CHttpResponseCodec.decode(W3CHttpResponseCodec.java:122)
at org.openqa.selenium.remote.http.W3CHttpResponseCodec.decode(W3CHttpResponseCodec.java:49)
at org.openqa.selenium.remote.HttpCommandExecutor.execute(HttpCommandExecutor.java:158)
at org.openqa.selenium.remote.service.DriverCommandExecutor.execute(DriverCommandExecutor.java:83)
at org.openqa.selenium.remote.RemoteWebDriver.execute(RemoteWebDriver.java:552)
at org.openqa.selenium.remote.RemoteWebDriver.findElement(RemoteWebDriver.java:323)
at org.openqa.selenium.remote.RemoteWebDriver.findElementByCssSelector(RemoteWebDriver.java:420)
at org.openqa.selenium.By$ByCssSelector.findElement(By.java:431)
at org.openqa.selenium.remote.RemoteWebDriver.findElement(RemoteWebDriver.java:315)
at com.slksoft.tests.EmailerAppTest001.testSuccessfulLogin(EmailerAppTest001.java:50)
at sun.reflect.NativeMethodAccessorImpl.invoke0(Native Method)
at sun.reflect.NativeMethodAccessorImpl.invoke(NativeMethodAccessorImpl.java:62)
at sun.reflect.DelegatingMethodAccessorImpl.invoke(DelegatingMethodAccessorImpl.java:43)
at java.lang.reflect.Method.invoke(Method.java:497)
at org.testng.internal.MethodInvocationHelper.invokeMethod(MethodInvocationHelper.java:124)
at org.testng.internal.Invoker.invokeMethod(Invoker.java:583)
at org.testng.internal.Invoker.invokeTestMethod(Invoker.java:719)
at org.testng.internal.Invoker.invokeTestMethods(Invoker.java:989)
at org.testng.internal.TestMethodWorker.invokeTestMethods(TestMethodWorker.java:125)
at org.testng.internal.TestMethodWorker.run(TestMethodWorker.java:109)
at org.testng.TestRunner.privateRun(TestRunner.java:648)
at org.testng.TestRunner.run(TestRunner.java:505)
at org.testng.SuiteRunner.runTest(SuiteRunner.java:455)
at org.testng.SuiteRunner.runSequentially(SuiteRunner.java:450)
at org.testng.SuiteRunner.privateRun(SuiteRunner.java:415)
at org.testng.SuiteRunner.run(SuiteRunner.java:364)
at org.testng.SuiteRunnerWorker.runSuite(SuiteRunnerWorker.java:52)
at org.testng.SuiteRunnerWorker.run(SuiteRunnerWorker.java:84)
at org.testng.TestNG.runSuitesSequentially(TestNG.java:1208)
at org.testng.TestNG.runSuitesLocally(TestNG.java:1137)
at org.testng.TestNG.runSuites(TestNG.java:1049)
at org.testng.TestNG.run(TestNG.java:1017)
at org.testng.remote.AbstractRemoteTestNG.run(AbstractRemoteTestNG.java:114)
at org.testng.remote.RemoteTestNG.initAndRun(RemoteTestNG.java:251)
at org.testng.remote.RemoteTestNG.main(RemoteTestNG.java:77)
]]>
            </full-stacktrace>
          </exception> <!-- org.openqa.selenium.NoSuchElementException -->
          <reporter-output>
          </reporter-output>
        </test-method> <!-- testSuccessfulLogin -->
        <test-method status="PASS" signature="cleanup()[pri:0, instance:com.slksoft.tests.EmailerAppTest001@604ed9f0]" name="cleanup" is-config="true" duration-ms="81" started-at="2019-10-31T09:31:05Z" finished-at="2019-10-31T09:31:05Z">
          <reporter-output>
          </reporter-output>
        </test-method> <!-- cleanup -->
        <test-method status="PASS" signature="setup()[pri:0, instance:com.slksoft.tests.EmailerAppTest001@604ed9f0]" name="setup" is-config="true" duration-ms="1052" started-at="2019-10-31T09:31:05Z" finished-at="2019-10-31T09:31:06Z">
          <reporter-output>
          </reporter-output>
        </test-method> <!-- setup -->
        <test-method status="PASS" signature="testSuccessfulLogin(java.lang.String, java.lang.String)[pri:0, instance:com.slksoft.tests.EmailerAppTest001@604ed9f0]" name="testSuccessfulLogin" duration-ms="444" started-at="2019-10-31T09:31:06Z" data-provider="dataProvider1" finished-at="2019-10-31T09:31:07Z">
          <params>
            <param index="0">
              <value>
                <![CDATA[janedoe@example.com]]>
              </value>
            </param>
            <param index="1">
              <value>
                <![CDATA[secret]]>
              </value>
            </param>
          </params>
          <reporter-output>
          </reporter-output>
        </test-method> <!-- testSuccessfulLogin -->
        <test-method status="PASS" signature="cleanup()[pri:0, instance:com.slksoft.tests.EmailerAppTest001@604ed9f0]" name="cleanup" is-config="true" duration-ms="74" started-at="2019-10-31T09:31:07Z" finished-at="2019-10-31T09:31:07Z">
          <reporter-output>
          </reporter-output>
        </test-method> <!-- cleanup -->
        <test-method status="PASS" signature="setup()[pri:0, instance:com.slksoft.tests.EmailerAppTest001@604ed9f0]" name="setup" is-config="true" duration-ms="4025" started-at="2019-10-31T09:31:07Z" finished-at="2019-10-31T09:31:11Z">
          <reporter-output>
          </reporter-output>
        </test-method> <!-- setup -->
        <test-method status="PASS" signature="testSuccessfulLogin(java.lang.String, java.lang.String)[pri:0, instance:com.slksoft.tests.EmailerAppTest001@604ed9f0]" name="testSuccessfulLogin" duration-ms="843" started-at="2019-10-31T09:31:11Z" data-provider="dataProvider1" finished-at="2019-10-31T09:31:12Z">
          <params>
            <param index="0">
              <value>
                <![CDATA[sam@example.com]]>
              </value>
            </param>
            <param index="1">
              <value>
                <![CDATA[secret]]>
              </value>
            </param>
          </params>
          <reporter-output>
          </reporter-output>
        </test-method> <!-- testSuccessfulLogin -->
        <test-method status="PASS" signature="cleanup()[pri:0, instance:com.slksoft.tests.EmailerAppTest001@604ed9f0]" name="cleanup" is-config="true" duration-ms="73" started-at="2019-10-31T09:31:12Z" finished-at="2019-10-31T09:31:12Z">
          <reporter-output>
          </reporter-output>
        </test-method> <!-- cleanup -->
      </class> <!-- com.slksoft.tests.EmailerAppTest001 -->
    </test> <!-- Default test -->
  </suite> <!-- Default suite -->
</testng-results>
